2025-04-21 09:05:01 [INFO]: POST /api/auth/login - Request received
2025-04-21 09:05:18 [INFO]: GET /api/announcements/active/announcement - Request received
2025-04-21 09:05:18 [INFO]: GET /api/shift/ - Request received
2025-04-21 09:05:21 [INFO]: GET /api/announcements/active/announcement - Request received
2025-04-21 09:05:24 [INFO]: GET /api/shift/ - Request received
2025-04-21 09:55:32 [INFO]: GET /api/edit/67d7cc0cb090fdc7dcdb3c00 - Request received
2025-04-21 09:55:33 [INFO]: GET /api/edit/67d7cc0cb090fdc7dcdb3c00 - Request received
2025-04-21 09:55:35 [INFO]: GET /api/edit/67d7cc0cb090fdc7dcdb3c00 - Request received
2025-04-21 09:55:35 [INFO]: GET /api/edit/67d7cc0cb090fdc7dcdb3c00 - Request received
2025-04-21 09:55:52 [INFO]: PUT /api/edit/67d7cc0cb090fdc7dcdb3c00 - Request received
2025-04-21 09:55:52 [INFO]: GET /api/edit/67d7cc0cb090fdc7dcdb3c00 - Request received
2025-04-21 09:55:52 [INFO]: GET /api/edit/67d7cc0cb090fdc7dcdb3c00 - Request received
2025-04-21 09:56:00 [INFO]: POST /api/auth/login - Request received
2025-04-21 09:56:48 [INFO]: POST /api/auth/login - Request received
2025-04-21 09:59:05 [INFO]: GET /api/edit/67d7cc0cb090fdc7dcdb3c00 - Request received
2025-04-21 09:59:06 [INFO]: GET /api/edit/67d7cc0cb090fdc7dcdb3c00 - Request received
2025-04-21 09:59:06 [INFO]: GET /api/edit/67d7cc0cb090fdc7dcdb3c00 - Request received
2025-04-21 09:59:07 [INFO]: GET /api/edit/67d7cc0cb090fdc7dcdb3c00 - Request received
2025-04-21 09:59:07 [INFO]: GET /api/edit/67d7cc0cb090fdc7dcdb3c00 - Request received
2025-04-21 09:59:31 [INFO]: GET /api/edit/67d7cc0cb090fdc7dcdb3c00 - Request received
2025-04-21 09:59:31 [INFO]: GET /api/edit/67d7cc0cb090fdc7dcdb3c00 - Request received
2025-04-21 09:59:37 [INFO]: PUT /api/edit/67d7cc0cb090fdc7dcdb3c00 - Request received
2025-04-21 09:59:50 [INFO]: PUT /api/edit/67d7cc0cb090fdc7dcdb3c00 - Request received
2025-04-21 10:06:58 [INFO]: GET /api/edit/67d7cc0cb090fdc7dcdb3c00 - Request received
2025-04-21 10:06:58 [INFO]: GET /api/edit/67d7cc0cb090fdc7dcdb3c00 - Request received
2025-04-21 10:07:03 [INFO]: PUT /api/edit/67d7cc0cb090fdc7dcdb3c00 - Request received
2025-04-21 10:09:09 [INFO]: GET /api/edit/67d7cc0cb090fdc7dcdb3c00 - Request received
2025-04-21 10:09:09 [INFO]: GET /api/edit/67d7cc0cb090fdc7dcdb3c00 - Request received
2025-04-21 10:09:10 [INFO]: GET /api/edit/67d7cc0cb090fdc7dcdb3c00 - Request received
2025-04-21 10:09:10 [INFO]: GET /api/edit/67d7cc0cb090fdc7dcdb3c00 - Request received
2025-04-21 10:09:23 [INFO]: GET /api/edit/67d7cc0cb090fdc7dcdb3c00 - Request received
2025-04-21 10:09:23 [INFO]: GET /api/edit/67d7cc0cb090fdc7dcdb3c00 - Request received
2025-04-21 10:13:32 [INFO]: GET /api/edit/67d7cc0cb090fdc7dcdb3c00 - Request received
2025-04-21 10:13:32 [INFO]: GET /api/edit/67d7cc0cb090fdc7dcdb3c00 - Request received
2025-04-21 10:13:38 [INFO]: PUT /api/edit/67d7cc0cb090fdc7dcdb3c00 - Request received
2025-04-21 10:14:34 [INFO]: GET /api/edit/67d7cc0cb090fdc7dcdb3c00 - Request received
2025-04-21 10:14:34 [INFO]: GET /api/edit/67d7cc0cb090fdc7dcdb3c00 - Request received
2025-04-21 10:14:39 [INFO]: PUT /api/edit/67d7cc0cb090fdc7dcdb3c00 - Request received
2025-04-21 10:17:29 [INFO]: GET /api/edit/67d7cc0cb090fdc7dcdb3c00 - Request received
2025-04-21 10:17:29 [INFO]: GET /api/edit/67d7cc0cb090fdc7dcdb3c00 - Request received
2025-04-21 10:17:36 [INFO]: PUT /api/edit/67d7cc0cb090fdc7dcdb3c00 - Request received
2025-04-21 10:19:05 [INFO]: POST /api/auth/login/admin - Request received
2025-04-21 10:19:44 [INFO]: POST /api/auth/login - Request received
2025-04-21 11:12:33 [INFO]: GET /api/edit/67d7cc0cb090fdc7dcdb3c00 - Request received
2025-04-21 11:12:39 [INFO]: GET /api/edit/67d7cc0cb090fdc7dcdb3c00 - Request received
2025-04-21 11:12:45 [INFO]: PUT /api/edit/67d7cc0cb090fdc7dcdb3c00 - Request received
2025-04-21 11:14:31 [INFO]: GET /api/edit/67d7cc0cb090fdc7dcdb3c00 - Request received
2025-04-21 11:14:31 [INFO]: GET /api/edit/67d7cc0cb090fdc7dcdb3c00 - Request received
2025-04-21 11:14:37 [INFO]: PUT /api/edit/67d7cc0cb090fdc7dcdb3c00 - Request received
2025-04-21 11:16:31 [INFO]: GET /api/edit/67d7cc0cb090fdc7dcdb3c00 - Request received
2025-04-21 11:16:32 [INFO]: GET /api/edit/67d7cc0cb090fdc7dcdb3c00 - Request received
2025-04-21 11:16:33 [INFO]: GET /api/edit/67d7cc0cb090fdc7dcdb3c00 - Request received
2025-04-21 11:16:45 [INFO]: GET /api/request-shift/67d7cc0cb090fdc7dcdb3c00 - Request received
2025-04-21 11:16:45 [INFO]: GET /api/shift/ - Request received
2025-04-21 11:16:45 [INFO]: GET /api/request-shift/67d7cc0cb090fdc7dcdb3c00 - Request received
2025-04-21 11:16:45 [INFO]: GET /api/shift/ - Request received
2025-04-21 11:16:47 [INFO]: GET /api/edit/67d7cc0cb090fdc7dcdb3c00 - Request received
2025-04-21 11:16:47 [INFO]: GET /api/edit/67d7cc0cb090fdc7dcdb3c00 - Request received
2025-04-21 11:16:47 [INFO]: GET /api/edit/67d7cc0cb090fdc7dcdb3c00 - Request received
2025-04-21 11:16:49 [INFO]: GET /api/edit/67d7cc0cb090fdc7dcdb3c00 - Request received
2025-04-21 11:16:50 [INFO]: GET /api/edit/67d7cc0cb090fdc7dcdb3c00 - Request received
2025-04-21 11:16:55 [INFO]: PUT /api/edit/67d7cc0cb090fdc7dcdb3c00 - Request received
2025-04-21 11:20:11 [INFO]: GET /api/edit/67d7cc0cb090fdc7dcdb3c00 - Request received
2025-04-21 11:20:11 [INFO]: GET /api/edit/67d7cc0cb090fdc7dcdb3c00 - Request received
2025-04-21 11:20:18 [INFO]: PUT /api/edit/67d7cc0cb090fdc7dcdb3c00 - Request received
2025-04-21 11:32:16 [INFO]: GET /api/edit/67d7cc0cb090fdc7dcdb3c00 - Request received
2025-04-21 11:32:16 [INFO]: GET /api/edit/67d7cc0cb090fdc7dcdb3c00 - Request received
2025-04-21 11:42:14 [INFO]: GET /api/edit/67d7cc0cb090fdc7dcdb3c00 - Request received
2025-04-21 11:42:14 [INFO]: GET /api/edit/67d7cc0cb090fdc7dcdb3c00 - Request received
2025-04-21 11:42:50 [INFO]: GET /api/edit/67d7cc0cb090fdc7dcdb3c00 - Request received
2025-04-21 11:42:50 [INFO]: GET /api/edit/67d7cc0cb090fdc7dcdb3c00 - Request received
2025-04-21 11:42:56 [INFO]: PUT /api/edit/67d7cc0cb090fdc7dcdb3c00 - Request received
2025-04-21 11:43:10 [INFO]: GET /api/edit/67d7cc0cb090fdc7dcdb3c00 - Request received
2025-04-21 11:43:10 [INFO]: GET /api/edit/67d7cc0cb090fdc7dcdb3c00 - Request received
2025-04-21 11:43:17 [INFO]: PUT /api/edit/67d7cc0cb090fdc7dcdb3c00 - Request received
2025-04-21 11:47:12 [INFO]: GET /api/edit/67d7cc0cb090fdc7dcdb3c00 - Request received
2025-04-21 11:47:12 [INFO]: GET /api/edit/67d7cc0cb090fdc7dcdb3c00 - Request received
2025-04-21 11:47:18 [INFO]: PUT /api/edit/67d7cc0cb090fdc7dcdb3c00 - Request received
2025-04-21 13:16:23 [INFO]: GET /api/edit/67d7cc0cb090fdc7dcdb3c00 - Request received
2025-04-21 13:16:43 [INFO]: GET /api/edit/67d7cc0cb090fdc7dcdb3c00 - Request received
2025-04-21 13:23:54 [INFO]: GET /api/edit/67d7cc0cb090fdc7dcdb3c00 - Request received
2025-04-21 13:24:02 [INFO]: GET /api/edit/67d7cc0cb090fdc7dcdb3c00 - Request received
2025-04-21 13:24:12 [INFO]: PUT /api/edit/67d7cc0cb090fdc7dcdb3c00 - Request received
2025-04-21 13:35:42 [INFO]: GET /api/edit/67d7cc0cb090fdc7dcdb3c00 - Request received
2025-04-21 13:35:42 [INFO]: GET /api/edit/67d7cc0cb090fdc7dcdb3c00 - Request received
2025-04-21 13:35:47 [INFO]: PUT /api/edit/67d7cc0cb090fdc7dcdb3c00 - Request received
2025-04-21 13:42:19 [INFO]: GET /api/edit/67d7cc0cb090fdc7dcdb3c00 - Request received
2025-04-21 13:42:19 [INFO]: GET /api/edit/67d7cc0cb090fdc7dcdb3c00 - Request received
2025-04-21 13:42:23 [INFO]: PUT /api/edit/67d7cc0cb090fdc7dcdb3c00 - Request received
2025-04-21 13:43:04 [INFO]: GET /api/edit/67d7cc0cb090fdc7dcdb3c00 - Request received
2025-04-21 13:43:04 [INFO]: GET /api/edit/67d7cc0cb090fdc7dcdb3c00 - Request received
2025-04-21 13:43:09 [INFO]: PUT /api/edit/67d7cc0cb090fdc7dcdb3c00 - Request received
2025-04-21 13:43:11 [INFO]: GET /api/edit/67d7cc0cb090fdc7dcdb3c00 - Request received
2025-04-21 13:43:11 [INFO]: GET /api/edit/67d7cc0cb090fdc7dcdb3c00 - Request received
2025-04-21 13:44:38 [INFO]: GET /api/edit/67d7cc0cb090fdc7dcdb3c00 - Request received
2025-04-21 13:44:38 [INFO]: GET /api/edit/67d7cc0cb090fdc7dcdb3c00 - Request received
2025-04-21 13:44:43 [INFO]: PUT /api/edit/67d7cc0cb090fdc7dcdb3c00 - Request received
2025-04-21 13:44:45 [INFO]: GET /api/edit/67d7cc0cb090fdc7dcdb3c00 - Request received
2025-04-21 13:44:45 [INFO]: GET /api/edit/67d7cc0cb090fdc7dcdb3c00 - Request received
2025-04-21 13:45:32 [INFO]: GET /api/request-shift/get-user/all/IT%20Support - Request received
2025-04-21 13:45:32 [INFO]: GET /api/shift/ - Request received
2025-04-21 13:45:32 [INFO]: GET /api/request-shift/swap-shift/to-me/67d7cc0cb090fdc7dcdb3c00 - Request received
2025-04-21 13:45:32 [INFO]: GET /api/request-shift/swap-shift/67d7cc0cb090fdc7dcdb3c00 - Request received
2025-04-21 13:45:32 [INFO]: GET /api/request-shift/get-user/all/IT%20Support - Request received
2025-04-21 13:45:32 [INFO]: GET /api/shift/ - Request received
2025-04-21 13:45:33 [INFO]: GET /api/request-shift/swap-shift/to-me/67d7cc0cb090fdc7dcdb3c00 - Request received
2025-04-21 13:45:33 [INFO]: GET /api/request-shift/swap-shift/67d7cc0cb090fdc7dcdb3c00 - Request received
2025-04-21 13:45:34 [INFO]: GET /api/shift/ - Request received
2025-04-21 13:45:34 [INFO]: GET /api/request-shift/67d7cc0cb090fdc7dcdb3c00 - Request received
2025-04-21 13:45:34 [INFO]: GET /api/request-shift/67d7cc0cb090fdc7dcdb3c00 - Request received
2025-04-21 13:45:34 [INFO]: GET /api/shift/ - Request received
2025-04-21 13:45:40 [INFO]: POST /api/auth/login - Request received
2025-04-21 13:47:59 [INFO]: POST /api/auth/login - Request received
2025-04-21 13:48:18 [INFO]: POST /api/auth/login - Request received
2025-04-21 14:20:54 [INFO]: GET /api/edit/67d7cc0cb090fdc7dcdb3c00 - Request received
2025-04-21 14:21:14 [INFO]: GET /api/edit/67d7cc0cb090fdc7dcdb3c00 - Request received
2025-04-21 14:22:41 [INFO]: GET /api/announcements/active/announcement - Request received
2025-04-21 14:22:41 [INFO]: GET /api/shift/ - Request received
2025-04-21 14:22:41 [INFO]: GET /api/announcements/active/announcement - Request received
2025-04-21 14:22:41 [INFO]: GET /api/shift/ - Request received
