2025-04-21 09:05:01 [INFO]: User 67d7cc0cb090fdc7dcdb3c00 logged in successfully.
2025-04-21 09:05:01 [INFO]: GET /api/shift/ - Request received
2025-04-21 09:05:01 [INFO]: GET /api/announcements/active/announcement - Request received
2025-04-21 09:05:02 [INFO]: GET /api/announcements/active/announcement - Request received
2025-04-21 09:05:02 [INFO]: GET /api/shift/ - Request received
2025-04-21 09:56:48 [INFO]: User 67d7cc0cb090fdc7dcdb3c00 logged in successfully.
2025-04-21 09:56:49 [INFO]: GET /api/shift/ - Request received
2025-04-21 09:56:49 [INFO]: GET /api/announcements/active/announcement - Request received
2025-04-21 09:56:49 [INFO]: GET /api/announcements/active/announcement - Request received
2025-04-21 09:56:49 [INFO]: GET /api/shift/ - Request received
2025-04-21 09:56:50 [INFO]: GET /api/edit/67d7cc0cb090fdc7dcdb3c00 - Request received
2025-04-21 09:56:50 [INFO]: GET /api/edit/67d7cc0cb090fdc7dcdb3c00 - Request received
2025-04-21 09:56:52 [INFO]: GET /api/edit/67d7cc0cb090fdc7dcdb3c00 - Request received
2025-04-21 09:56:52 [INFO]: GET /api/edit/67d7cc0cb090fdc7dcdb3c00 - Request received
2025-04-21 09:56:56 [INFO]: PUT /api/edit/67d7cc0cb090fdc7dcdb3c00 - Request received
2025-04-21 09:56:56 [INFO]: GET /api/edit/67d7cc0cb090fdc7dcdb3c00 - Request received
2025-04-21 09:56:57 [INFO]: GET /api/edit/67d7cc0cb090fdc7dcdb3c00 - Request received
2025-04-21 09:57:15 [INFO]: GET /api/edit/67d7cc0cb090fdc7dcdb3c00 - Request received
2025-04-21 09:57:15 [INFO]: GET /api/edit/67d7cc0cb090fdc7dcdb3c00 - Request received
2025-04-21 09:57:21 [INFO]: PUT /api/edit/67d7cc0cb090fdc7dcdb3c00 - Request received
2025-04-21 09:57:44 [INFO]: PUT /api/edit/67d7cc0cb090fdc7dcdb3c00 - Request received
2025-04-21 09:58:22 [INFO]: PUT /api/edit/67d7cc0cb090fdc7dcdb3c00 - Request received
2025-04-21 09:59:04 [INFO]: GET /api/edit/67d7cc0cb090fdc7dcdb3c00 - Request received
2025-04-21 09:59:04 [INFO]: GET /api/edit/67d7cc0cb090fdc7dcdb3c00 - Request received
2025-04-21 10:19:05 [INFO]: GET /api/shift/ - Request received
2025-04-21 10:19:06 [INFO]: GET /api/shift/ - Request received
2025-04-21 10:19:07 [INFO]: GET /api/edit/67d7cc0cb090fdc7dcdb3c00 - Request received
2025-04-21 10:19:07 [INFO]: GET /api/edit/67d7cc0cb090fdc7dcdb3c00 - Request received
2025-04-21 10:19:08 [INFO]: GET /api/edit/67d7cc0cb090fdc7dcdb3c00 - Request received
2025-04-21 10:19:08 [INFO]: GET /api/edit/67d7cc0cb090fdc7dcdb3c00 - Request received
2025-04-21 10:19:13 [INFO]: PUT /api/edit/67d7cc0cb090fdc7dcdb3c00 - Request received
2025-04-21 10:19:44 [INFO]: User 67d7cc0cb090fdc7dcdb3c00 logged in successfully.
2025-04-21 10:19:44 [INFO]: GET /api/shift/ - Request received
2025-04-21 10:19:44 [INFO]: GET /api/announcements/active/announcement - Request received
2025-04-21 10:19:44 [INFO]: GET /api/announcements/active/announcement - Request received
2025-04-21 10:19:44 [INFO]: GET /api/shift/ - Request received
2025-04-21 10:19:46 [INFO]: GET /api/edit/67d7cc0cb090fdc7dcdb3c00 - Request received
2025-04-21 10:19:46 [INFO]: GET /api/edit/67d7cc0cb090fdc7dcdb3c00 - Request received
2025-04-21 10:19:47 [INFO]: GET /api/edit/67d7cc0cb090fdc7dcdb3c00 - Request received
2025-04-21 10:19:47 [INFO]: GET /api/edit/67d7cc0cb090fdc7dcdb3c00 - Request received
2025-04-21 10:19:53 [INFO]: PUT /api/edit/67d7cc0cb090fdc7dcdb3c00 - Request received
2025-04-21 13:48:18 [INFO]: User 67d7cc0cb090fdc7dcdb3c00 logged in successfully.
2025-04-21 13:48:18 [INFO]: GET /api/shift/ - Request received
2025-04-21 13:48:18 [INFO]: GET /api/announcements/active/announcement - Request received
2025-04-21 13:48:18 [INFO]: GET /api/announcements/active/announcement - Request received
2025-04-21 13:48:18 [INFO]: GET /api/shift/ - Request received
2025-04-21 13:48:20 [INFO]: GET /api/edit/67d7cc0cb090fdc7dcdb3c00 - Request received
2025-04-21 13:48:20 [INFO]: GET /api/edit/67d7cc0cb090fdc7dcdb3c00 - Request received
