2025-04-21 13:29:44 [INFO]: User 67eb840e86c9b8598882c808 logged in successfully.
2025-04-21 13:29:44 [INFO]: GET /api/shift/ - Request received
2025-04-21 13:29:44 [INFO]: GET /api/announcements/active/announcement - Request received
2025-04-21 13:29:44 [INFO]: GET /api/announcements/active/announcement - Request received
2025-04-21 13:29:44 [INFO]: GET /api/shift/ - Request received
2025-04-21 13:29:46 [INFO]: GET /api/edit/67eb840e86c9b8598882c808 - Request received
2025-04-21 13:29:46 [INFO]: GET /api/edit/67eb840e86c9b8598882c808 - Request received
2025-04-21 13:29:49 [INFO]: GET /api/edit/67eb840e86c9b8598882c808 - Request received
2025-04-21 13:29:49 [INFO]: GET /api/edit/67eb840e86c9b8598882c808 - Request received
2025-04-21 13:29:56 [INFO]: PUT /api/edit/67eb840e86c9b8598882c808 - Request received
2025-04-21 13:31:37 [INFO]: PUT /api/edit/67eb840e86c9b8598882c808 - Request received
2025-04-21 13:41:48 [INFO]: GET /api/edit/67eb840e86c9b8598882c808 - Request received
2025-04-21 13:41:57 [INFO]: PUT /api/edit/67eb840e86c9b8598882c808 - Request received
2025-04-21 13:41:57 [INFO]: GET /api/edit/67eb840e86c9b8598882c808 - Request received
2025-04-21 13:41:57 [INFO]: GET /api/edit/67eb840e86c9b8598882c808 - Request received
2025-04-21 13:42:05 [INFO]: GET /api/edit/67eb840e86c9b8598882c808 - Request received
2025-04-21 13:42:05 [INFO]: GET /api/edit/67eb840e86c9b8598882c808 - Request received
2025-04-21 13:42:11 [INFO]: PUT /api/edit/67eb840e86c9b8598882c808 - Request received
2025-04-21 13:42:11 [INFO]: GET /api/edit/67eb840e86c9b8598882c808 - Request received
2025-04-21 13:42:11 [INFO]: GET /api/edit/67eb840e86c9b8598882c808 - Request received
2025-04-21 14:38:21 [INFO]: User 67eb840e86c9b8598882c808 logged in successfully.
2025-04-21 14:38:22 [INFO]: GET /api/shift/ - Request received
2025-04-21 14:38:22 [INFO]: GET /api/announcements/active/announcement - Request received
2025-04-21 14:38:22 [INFO]: GET /api/announcements/active/announcement - Request received
2025-04-21 14:38:22 [INFO]: GET /api/shift/ - Request received
2025-04-21 14:38:32 [INFO]: GET /api/shift/ - Request received
2025-04-21 14:38:32 [INFO]: GET /api/request-shift/67eb840e86c9b8598882c808 - Request received
2025-04-21 14:38:32 [INFO]: GET /api/request-shift/67eb840e86c9b8598882c808 - Request received
2025-04-21 14:38:32 [INFO]: GET /api/shift/ - Request received
2025-04-21 14:38:33 [INFO]: GET /api/shift/ - Request received
2025-04-21 14:38:33 [INFO]: GET /api/request-shift/swap-shift/67eb840e86c9b8598882c808 - Request received
2025-04-21 14:38:33 [INFO]: GET /api/request-shift/get-user/all/Technical - Request received
2025-04-21 14:38:33 [INFO]: GET /api/request-shift/swap-shift/to-me/67eb840e86c9b8598882c808 - Request received
2025-04-21 14:38:33 [INFO]: GET /api/shift/ - Request received
2025-04-21 14:38:33 [INFO]: GET /api/request-shift/swap-shift/67eb840e86c9b8598882c808 - Request received
2025-04-21 14:38:33 [INFO]: GET /api/request-shift/get-user/all/Technical - Request received
2025-04-21 14:38:33 [INFO]: GET /api/request-shift/swap-shift/to-me/67eb840e86c9b8598882c808 - Request received
2025-04-21 14:39:16 [INFO]: GET /api/edit/67eb840e86c9b8598882c808 - Request received
2025-04-21 14:39:16 [INFO]: GET /api/edit/67eb840e86c9b8598882c808 - Request received
